Removed Pin From Net: NetName=+3.3 Pin=U4-1
Removed Pin From Net: NetName=GND Pin=U4-2
Removed Pin From Net: NetName=Shift Pin=U4-6
Removed Pin From Net: NetName=Latch Pin=U4-7
Removed Pin From Net: NetName=Data Pin=U4-9
Removed Pin From Net: NetName=GND Pin=U4-29
Removed Pin From Net: NetName=+5 Pin=U4-30
Removed Member From Class: ClassName=sch_LEDCUBE Member=U4
Added Component: Designator=U1(MODULE_ESP32_DEVKIT_V1)
Add component (AddParameter): Name = "Availability"; Value = "Unavailable"; VariantName = "[No Variations]"
Add component (AddParameter): Name = "MF"; Value = ""; VariantName = "[No Variations]"
Add component (AddParameter): Name = "MP"; Value = "ESP32-DEVKIT-V1"; VariantName = "[No Variations]"
Add component (AddParameter): Name = "Package"; Value = "None"; VariantName = "[No Variations]"
Add component (AddParameter): Name = "Price"; Value = "None"; VariantName = "[No Variations]"
Add component (AddParameter): Name = "Value"; Value = ""; VariantName = "[No Variations]"
Added Pin To Net: NetName=+3.3 Pin=U1-1
Added Pin To Net: NetName=GND Pin=U1-2
Added Pin To Net: NetName=Shift Pin=U1-6
Added Pin To Net: NetName=Latch Pin=U1-7
Added Pin To Net: NetName=Data Pin=U1-9
Added Pin To Net: NetName=GND Pin=U1-29
Added Pin To Net: NetName=+5 Pin=U1-30
Added Member To Class: ClassName=sch_LEDCUBE Member=Component U1 ESP32-DEVKIT-V1
Added Room: Name=sch_LEDCUBE
